** Warning: The option -log is deprecated; use shell redirection

** Processing: banner2.png
1664x476 pixels, 4x8 bits/pixel, RGB+alpha, interlaced
Input IDAT size = 610902 bytes
Input file size = 611117 bytes

Trying:
  zc = 9  zm = 9  zs = 0  f = 0		IDAT size = 535869
  zc = 9  zm = 8  zs = 0  f = 0
  zc = 9  zm = 9  zs = 1  f = 0
  zc = 9  zm = 8  zs = 1  f = 0
  zc = 1  zm = 9  zs = 2  f = 0
  zc = 1  zm = 8  zs = 2  f = 0
  zc = 9  zm = 9  zs = 3  f = 0
  zc = 9  zm = 8  zs = 3  f = 0
  zc = 9  zm = 9  zs = 0  f = 1
  zc = 9  zm = 8  zs = 0  f = 1
  zc = 9  zm = 9  zs = 1  f = 1
  zc = 9  zm = 8  zs = 1  f = 1
  zc = 1  zm = 9  zs = 2  f = 1
  zc = 1  zm = 8  zs = 2  f = 1
  zc = 9  zm = 9  zs = 3  f = 1
  zc = 9  zm = 8  zs = 3  f = 1
  zc = 9  zm = 9  zs = 0  f = 2
  zc = 9  zm = 8  zs = 0  f = 2
  zc = 9  zm = 9  zs = 1  f = 2
  zc = 9  zm = 8  zs = 1  f = 2
  zc = 1  zm = 9  zs = 2  f = 2
  zc = 1  zm = 8  zs = 2  f = 2
  zc = 9  zm = 9  zs = 3  f = 2
  zc = 9  zm = 8  zs = 3  f = 2
  zc = 9  zm = 9  zs = 0  f = 3
  zc = 9  zm = 8  zs = 0  f = 3
  zc = 9  zm = 9  zs = 1  f = 3
  zc = 9  zm = 8  zs = 1  f = 3
  zc = 1  zm = 9  zs = 2  f = 3
  zc = 1  zm = 8  zs = 2  f = 3
  zc = 9  zm = 9  zs = 3  f = 3
  zc = 9  zm = 8  zs = 3  f = 3
  zc = 9  zm = 9  zs = 0  f = 4
  zc = 9  zm = 8  zs = 0  f = 4
  zc = 9  zm = 9  zs = 1  f = 4
  zc = 9  zm = 8  zs = 1  f = 4
  zc = 1  zm = 9  zs = 2  f = 4
  zc = 1  zm = 8  zs = 2  f = 4
  zc = 9  zm = 9  zs = 3  f = 4
  zc = 9  zm = 8  zs = 3  f = 4
  zc = 9  zm = 9  zs = 0  f = 5
  zc = 9  zm = 8  zs = 0  f = 5
  zc = 9  zm = 9  zs = 1  f = 5
  zc = 9  zm = 8  zs = 1  f = 5
  zc = 1  zm = 9  zs = 2  f = 5
  zc = 1  zm = 8  zs = 2  f = 5
  zc = 9  zm = 9  zs = 3  f = 5
  zc = 9  zm = 8  zs = 3  f = 5

Selecting parameters:
  zc = 9  zm = 9  zs = 0  f = 0		IDAT size = 535869

Output IDAT size = 535869 bytes (75033 bytes decrease)
Output file size = 535976 bytes (75141 bytes = 12.30% decrease)

** Warning: The option -log is deprecated; use shell redirection

** Processing: brain1.png
934x935 pixels, 3x8 bits/pixel, RGB, interlaced
Input IDAT size = 1409557 bytes
Input file size = 1409664 bytes

Trying:
  zc = 9  zm = 9  zs = 0  f = 0
  zc = 9  zm = 8  zs = 0  f = 0
  zc = 9  zm = 9  zs = 1  f = 0
  zc = 9  zm = 8  zs = 1  f = 0
  zc = 1  zm = 9  zs = 2  f = 0
  zc = 1  zm = 8  zs = 2  f = 0
  zc = 9  zm = 9  zs = 3  f = 0
  zc = 9  zm = 8  zs = 3  f = 0
  zc = 9  zm = 9  zs = 0  f = 1
  zc = 9  zm = 8  zs = 0  f = 1
** Warning: The option -log is deprecated; use shell redirection

** Processing: banner2.png
1664x476 pixels, 4x8 bits/pixel, RGB+alpha, interlaced
Error: Can't back up the existing output file

** Status report
1 file(s) have been processed.
1 error(s) have been encountered.
** Warning: The option -log is deprecated; use shell redirection

** Processing: brain1.png
934x935 pixels, 3x8 bits/pixel, RGB, interlaced
Input IDAT size = 1409557 bytes
Input file size = 1409664 bytes

Trying:
  zc = 9  zm = 9  zs = 0  f = 0
  zc = 9  zm = 8  zs = 0  f = 0
  zc = 9  zm = 9  zs = 1  f = 0
  zc = 9  zm = 8  zs = 1  f = 0
  zc = 1  zm = 9  zs = 2  f = 0
  zc = 1  zm = 8  zs = 2  f = 0
  zc = 9  zm = 9  zs = 3  f = 0
  zc = 9  zm = 8  zs = 3  f = 0
  zc = 9  zm = 9  zs = 0  f = 1
  zc = 9  zm = 8  zs = 0  f = 1
  zc = 9  zm = 9  zs = 1  f = 1
  zc = 9  zm = 8  zs = 1  f = 1
  zc = 1  zm = 9  zs = 2  f = 1
  zc = 1  zm = 8  zs = 2  f = 1
  zc = 9  zm = 9  zs = 3  f = 1
  zc = 9  zm = 8  zs = 3  f = 1
  zc = 9  zm = 9  zs = 0  f = 2
  zc = 9  zm = 8  zs = 0  f = 2
  zc = 9  zm = 9  zs = 1  f = 2
  zc = 9  zm = 8  zs = 1  f = 2
  zc = 1  zm = 9  zs = 2  f = 2
  zc = 1  zm = 8  zs = 2  f = 2
  zc = 9  zm = 9  zs = 3  f = 2
  zc = 9  zm = 8  zs = 3  f = 2
  zc = 9  zm = 9  zs = 0  f = 3
  zc = 9  zm = 8  zs = 0  f = 3
  zc = 9  zm = 9  zs = 1  f = 3
  zc = 9  zm = 8  zs = 1  f = 3
  zc = 1  zm = 9  zs = 2  f = 3
  zc = 1  zm = 8  zs = 2  f = 3
  zc = 9  zm = 9  zs = 3  f = 3
  zc = 9  zm = 8  zs = 3  f = 3
  zc = 9  zm = 9  zs = 0  f = 4
  zc = 9  zm = 8  zs = 0  f = 4
  zc = 9  zm = 9  zs = 1  f = 4		IDAT size = 1407800
  zc = 9  zm = 8  zs = 1  f = 4
  zc = 1  zm = 9  zs = 2  f = 4
  zc = 1  zm = 8  zs = 2  f = 4
  zc = 9  zm = 9  zs = 3  f = 4
  zc = 9  zm = 8  zs = 3  f = 4
  zc = 9  zm = 9  zs = 0  f = 5
  zc = 9  zm = 8  zs = 0  f = 5
  zc = 9  zm = 9  zs = 1  f = 5
  zc = 9  zm = 8  zs = 1  f = 5
  zc = 1  zm = 9  zs = 2  f = 5
  zc = 1  zm = 8  zs = 2  f = 5
  zc = 9  zm = 9  zs = 3  f = 5
  zc = 9  zm = 8  zs = 3  f = 5

Selecting parameters:
  zc = 9  zm = 9  zs = 1  f = 4		IDAT size = 1407800

Output IDAT size = 1407800 bytes (1757 bytes decrease)
Output file size = 1407907 bytes (1757 bytes = 0.12% decrease)

** Warning: The option -log is deprecated; use shell redirection

** Processing: brain2.png
951x935 pixels, 4x8 bits/pixel, RGB+alpha, interlaced
Input IDAT size = 2228941 bytes
Input file size = 2229456 bytes

Trying:
  zc = 9  zm = 9  zs = 0  f = 0		IDAT size = 2207214
  zc = 9  zm = 8  zs = 0  f = 0
  zc = 9  zm = 9  zs = 1  f = 0
  zc = 9  zm = 8  zs = 1  f = 0
  zc = 1  zm = 9  zs = 2  f = 0
  zc = 1  zm = 8  zs = 2  f = 0
  zc = 9  zm = 9  zs = 3  f = 0
  zc = 9  zm = 8  zs = 3  f = 0
  zc = 9  zm = 9  zs = 0  f = 1		IDAT size = 1826544
  zc = 9  zm = 8  zs = 0  f = 1
  zc = 9  zm = 9  zs = 1  f = 1		IDAT size = 1816264
  zc = 9  zm = 8  zs = 1  f = 1
  zc = 1  zm = 9  zs = 2  f = 1
  zc = 1  zm = 8  zs = 2  f = 1
  zc = 9  zm = 9  zs = 3  f = 1
  zc = 9  zm = 8  zs = 3  f = 1
  zc = 9  zm = 9  zs = 0  f = 2		IDAT size = 1773131
  zc = 9  zm = 8  zs = 0  f = 2
  zc = 9  zm = 9  zs = 1  f = 2		IDAT size = 1745629
  zc = 9  zm = 8  zs = 1  f = 2
  zc = 1  zm = 9  zs = 2  f = 2
  zc = 1  zm = 8  zs = 2  f = 2
  zc = 9  zm = 9  zs = 3  f = 2
  zc = 9  zm = 8  zs = 3  f = 2
  zc = 9  zm = 9  zs = 0  f = 3
  zc = 9  zm = 8  zs = 0  f = 3
  zc = 9  zm = 9  zs = 1  f = 3
  zc = 9  zm = 8  zs = 1  f = 3
  zc = 1  zm = 9  zs = 2  f = 3
  zc = 1  zm = 8  zs = 2  f = 3
  zc = 9  zm = 9  zs = 3  f = 3
  zc = 9  zm = 8  zs = 3  f = 3
  zc = 9  zm = 9  zs = 0  f = 4		IDAT size = 1632439
  zc = 9  zm = 8  zs = 0  f = 4
  zc = 9  zm = 9  zs = 1  f = 4		IDAT size = 1580607
  zc = 9  zm = 8  zs = 1  f = 4
  zc = 1  zm = 9  zs = 2  f = 4
  zc = 1  zm = 8  zs = 2  f = 4
  zc = 9  zm = 9  zs = 3  f = 4
  zc = 9  zm = 8  zs = 3  f = 4
  zc = 9  zm = 9  zs = 0  f = 5
  zc = 9  zm = 8  zs = 0  f = 5
  zc = 9  zm = 9  zs = 1  f = 5
  zc = 9  zm = 8  zs = 1  f = 5
  zc = 1  zm = 9  zs = 2  f = 5
  zc = 1  zm = 8  zs = 2  f = 5
  zc = 9  zm = 9  zs = 3  f = 5
  zc = 9  zm = 8  zs = 3  f = 5

Selecting parameters:
  zc = 9  zm = 9  zs = 1  f = 4		IDAT size = 1580607

Output IDAT size = 1580607 bytes (648334 bytes decrease)
Output file size = 1580714 bytes (648742 bytes = 29.10% decrease)

** Warning: The option -log is deprecated; use shell redirection

** Processing: brain3.png
944x935 pixels, 4x8 bits/pixel, RGB+alpha, interlaced
Input IDAT size = 2228912 bytes
Input file size = 2229427 bytes

Trying:
  zc = 9  zm = 9  zs = 0  f = 0		IDAT size = 2207688
  zc = 9  zm = 8  zs = 0  f = 0
  zc = 9  zm = 9  zs = 1  f = 0
  zc = 9  zm = 8  zs = 1  f = 0
  zc = 1  zm = 9  zs = 2  f = 0
  zc = 1  zm = 8  zs = 2  f = 0
  zc = 9  zm = 9  zs = 3  f = 0
  zc = 9  zm = 8  zs = 3  f = 0
  zc = 9  zm = 9  zs = 0  f = 1		IDAT size = 1827374
  zc = 9  zm = 8  zs = 0  f = 1
  zc = 9  zm = 9  zs = 1  f = 1		IDAT size = 1817426
  zc = 9  zm = 8  zs = 1  f = 1
  zc = 1  zm = 9  zs = 2  f = 1
  zc = 1  zm = 8  zs = 2  f = 1
  zc = 9  zm = 9  zs = 3  f = 1
  zc = 9  zm = 8  zs = 3  f = 1
  zc = 9  zm = 9  zs = 0  f = 2		IDAT size = 1775649
  zc = 9  zm = 8  zs = 0  f = 2
  zc = 9  zm = 9  zs = 1  f = 2		IDAT size = 1748365
  zc = 9  zm = 8  zs = 1  f = 2
  zc = 1  zm = 9  zs = 2  f = 2
  zc = 1  zm = 8  zs = 2  f = 2
  zc = 9  zm = 9  zs = 3  f = 2
  zc = 9  zm = 8  zs = 3  f = 2
  zc = 9  zm = 9  zs = 0  f = 3
  zc = 9  zm = 8  zs = 0  f = 3
  zc = 9  zm = 9  zs = 1  f = 3
  zc = 9  zm = 8  zs = 1  f = 3
  zc = 1  zm = 9  zs = 2  f = 3
  zc = 1  zm = 8  zs = 2  f = 3
  zc = 9  zm = 9  zs = 3  f = 3
  zc = 9  zm = 8  zs = 3  f = 3
  zc = 9  zm = 9  zs = 0  f = 4		IDAT size = 1635563
  zc = 9  zm = 8  zs = 0  f = 4
  zc = 9  zm = 9  zs = 1  f = 4		IDAT size = 1584488
  zc = 9  zm = 8  zs = 1  f = 4
  zc = 1  zm = 9  zs = 2  f = 4
  zc = 1  zm = 8  zs = 2  f = 4
  zc = 9  zm = 9  zs = 3  f = 4
  zc = 9  zm = 8  zs = 3  f = 4
  zc = 9  zm = 9  zs = 0  f = 5
  zc = 9  zm = 8  zs = 0  f = 5
  zc = 9  zm = 9  zs = 1  f = 5
  zc = 9  zm = 8  zs = 1  f = 5
  zc = 1  zm = 9  zs = 2  f = 5
  zc = 1  zm = 8  zs = 2  f = 5
  zc = 9  zm = 9  zs = 3  f = 5
  zc = 9  zm = 8  zs = 3  f = 5

Selecting parameters:
  zc = 9  zm = 9  zs = 1  f = 4		IDAT size = 1584488

Output IDAT size = 1584488 bytes (644424 bytes decrease)
Output file size = 1584595 bytes (644832 bytes = 28.92% decrease)

** Warning: The option -log is deprecated; use shell redirection

** Processing: brain4.png
953x935 pixels, 4x8 bits/pixel, RGB+alpha, interlaced
Input IDAT size = 2220396 bytes
Input file size = 2220899 bytes

Trying:
  zc = 9  zm = 9  zs = 0  f = 0		IDAT size = 2198167
  zc = 9  zm = 8  zs = 0  f = 0
  zc = 9  zm = 9  zs = 1  f = 0
  zc = 9  zm = 8  zs = 1  f = 0
  zc = 1  zm = 9  zs = 2  f = 0
  zc = 1  zm = 8  zs = 2  f = 0
  zc = 9  zm = 9  zs = 3  f = 0
  zc = 9  zm = 8  zs = 3  f = 0
  zc = 9  zm = 9  zs = 0  f = 1		IDAT size = 1821217
  zc = 9  zm = 8  zs = 0  f = 1
  zc = 9  zm = 9  zs = 1  f = 1		IDAT size = 1809633
  zc = 9  zm = 8  zs = 1  f = 1
  zc = 1  zm = 9  zs = 2  f = 1
  zc = 1  zm = 8  zs = 2  f = 1
  zc = 9  zm = 9  zs = 3  f = 1
  zc = 9  zm = 8  zs = 3  f = 1
  zc = 9  zm = 9  zs = 0  f = 2		IDAT size = 1771233
  zc = 9  zm = 8  zs = 0  f = 2
  zc = 9  zm = 9  zs = 1  f = 2		IDAT size = 1742924
  zc = 9  zm = 8  zs = 1  f = 2
  zc = 1  zm = 9  zs = 2  f = 2
  zc = 1  zm = 8  zs = 2  f = 2
  zc = 9  zm = 9  zs = 3  f = 2
  zc = 9  zm = 8  zs = 3  f = 2
  zc = 9  zm = 9  zs = 0  f = 3
  zc = 9  zm = 8  zs = 0  f = 3
  zc = 9  zm = 9  zs = 1  f = 3
  zc = 9  zm = 8  zs = 1  f = 3
  zc = 1  zm = 9  zs = 2  f = 3
  zc = 1  zm = 8  zs = 2  f = 3
  zc = 9  zm = 9  zs = 3  f = 3
  zc = 9  zm = 8  zs = 3  f = 3
  zc = 9  zm = 9  zs = 0  f = 4		IDAT size = 1631272
  zc = 9  zm = 8  zs = 0  f = 4
  zc = 9  zm = 9  zs = 1  f = 4		IDAT size = 1578913
  zc = 9  zm = 8  zs = 1  f = 4
  zc = 1  zm = 9  zs = 2  f = 4
  zc = 1  zm = 8  zs = 2  f = 4
  zc = 9  zm = 9  zs = 3  f = 4
  zc = 9  zm = 8  zs = 3  f = 4
  zc = 9  zm = 9  zs = 0  f = 5
  zc = 9  zm = 8  zs = 0  f = 5
  zc = 9  zm = 9  zs = 1  f = 5
  zc = 9  zm = 8  zs = 1  f = 5
  zc = 1  zm = 9  zs = 2  f = 5
  zc = 1  zm = 8  zs = 2  f = 5
  zc = 9  zm = 9  zs = 3  f = 5
  zc = 9  zm = 8  zs = 3  f = 5

Selecting parameters:
  zc = 9  zm = 9  zs = 1  f = 4		IDAT size = 1578913

Output IDAT size = 1578913 bytes (641483 bytes decrease)
Output file size = 1579020 bytes (641879 bytes = 28.90% decrease)

** Warning: The option -log is deprecated; use shell redirection

** Processing: brain5.png
937x935 pixels, 4x8 bits/pixel, RGB+alpha, interlaced
Input IDAT size = 2230358 bytes
Input file size = 2230873 bytes

Trying:
  zc = 9  zm = 9  zs = 0  f = 0		IDAT size = 2209881
  zc = 9  zm = 8  zs = 0  f = 0
  zc = 9  zm = 9  zs = 1  f = 0
  zc = 9  zm = 8  zs = 1  f = 0
  zc = 1  zm = 9  zs = 2  f = 0
  zc = 1  zm = 8  zs = 2  f = 0
  zc = 9  zm = 9  zs = 3  f = 0
  zc = 9  zm = 8  zs = 3  f = 0
  zc = 9  zm = 9  zs = 0  f = 1		IDAT size = 1825377
  zc = 9  zm = 8  zs = 0  f = 1
  zc = 9  zm = 9  zs = 1  f = 1		IDAT size = 1815045
  zc = 9  zm = 8  zs = 1  f = 1
  zc = 1  zm = 9  zs = 2  f = 1
  zc = 1  zm = 8  zs = 2  f = 1
  zc = 9  zm = 9  zs = 3  f = 1
  zc = 9  zm = 8  zs = 3  f = 1
  zc = 9  zm = 9  zs = 0  f = 2		IDAT size = 1778320
  zc = 9  zm = 8  zs = 0  f = 2
  zc = 9  zm = 9  zs = 1  f = 2		IDAT size = 1751525
  zc = 9  zm = 8  zs = 1  f = 2
  zc = 1  zm = 9  zs = 2  f = 2
  zc = 1  zm = 8  zs = 2  f = 2
  zc = 9  zm = 9  zs = 3  f = 2
  zc = 9  zm = 8  zs = 3  f = 2
  zc = 9  zm = 9  zs = 0  f = 3
  zc = 9  zm = 8  zs = 0  f = 3
  zc = 9  zm = 9  zs = 1  f = 3
  zc = 9  zm = 8  zs = 1  f = 3
  zc = 1  zm = 9  zs = 2  f = 3
  zc = 1  zm = 8  zs = 2  f = 3
  zc = 9  zm = 9  zs = 3  f = 3
  zc = 9  zm = 8  zs = 3  f = 3
  zc = 9  zm = 9  zs = 0  f = 4		IDAT size = 1635236
  zc = 9  zm = 8  zs = 0  f = 4
  zc = 9  zm = 9  zs = 1  f = 4		IDAT size = 1583857
  zc = 9  zm = 8  zs = 1  f = 4
  zc = 1  zm = 9  zs = 2  f = 4
  zc = 1  zm = 8  zs = 2  f = 4
  zc = 9  zm = 9  zs = 3  f = 4
  zc = 9  zm = 8  zs = 3  f = 4
  zc = 9  zm = 9  zs = 0  f = 5
  zc = 9  zm = 8  zs = 0  f = 5
  zc = 9  zm = 9  zs = 1  f = 5
  zc = 9  zm = 8  zs = 1  f = 5
  zc = 1  zm = 9  zs = 2  f = 5
  zc = 1  zm = 8  zs = 2  f = 5
  zc = 9  zm = 9  zs = 3  f = 5
  zc = 9  zm = 8  zs = 3  f = 5

Selecting parameters:
  zc = 9  zm = 9  zs = 1  f = 4		IDAT size = 1583857

Output IDAT size = 1583857 bytes (646501 bytes decrease)
Output file size = 1583964 bytes (646909 bytes = 29.00% decrease)

** Warning: The option -log is deprecated; use shell redirection

** Processing: brain6.png
946x935 pixels, 4x8 bits/pixel, RGB+alpha, interlaced
Input IDAT size = 2213798 bytes
Input file size = 2214301 bytes

Trying:
  zc = 9  zm = 9  zs = 0  f = 0		IDAT size = 2192018
  zc = 9  zm = 8  zs = 0  f = 0
  zc = 9  zm = 9  zs = 1  f = 0
  zc = 9  zm = 8  zs = 1  f = 0
  zc = 1  zm = 9  zs = 2  f = 0
  zc = 1  zm = 8  zs = 2  f = 0
  zc = 9  zm = 9  zs = 3  f = 0
  zc = 9  zm = 8  zs = 3  f = 0
  zc = 9  zm = 9  zs = 0  f = 1		IDAT size = 1816918
  zc = 9  zm = 8  zs = 0  f = 1
  zc = 9  zm = 9  zs = 1  f = 1		IDAT size = 1806392
  zc = 9  zm = 8  zs = 1  f = 1
  zc = 1  zm = 9  zs = 2  f = 1
  zc = 1  zm = 8  zs = 2  f = 1
  zc = 9  zm = 9  zs = 3  f = 1
  zc = 9  zm = 8  zs = 3  f = 1
  zc = 9  zm = 9  zs = 0  f = 2		IDAT size = 1769395
  zc = 9  zm = 8  zs = 0  f = 2
  zc = 9  zm = 9  zs = 1  f = 2		IDAT size = 1741922
  zc = 9  zm = 8  zs = 1  f = 2
  zc = 1  zm = 9  zs = 2  f = 2
  zc = 1  zm = 8  zs = 2  f = 2
  zc = 9  zm = 9  zs = 3  f = 2
  zc = 9  zm = 8  zs = 3  f = 2
  zc = 9  zm = 9  zs = 0  f = 3
  zc = 9  zm = 8  zs = 0  f = 3
  zc = 9  zm = 9  zs = 1  f = 3
  zc = 9  zm = 8  zs = 1  f = 3
  zc = 1  zm = 9  zs = 2  f = 3
  zc = 1  zm = 8  zs = 2  f = 3
  zc = 9  zm = 9  zs = 3  f = 3
  zc = 9  zm = 8  zs = 3  f = 3
  zc = 9  zm = 9  zs = 0  f = 4		IDAT size = 1632005
  zc = 9  zm = 8  zs = 0  f = 4
  zc = 9  zm = 9  zs = 1  f = 4		IDAT size = 1581236
  zc = 9  zm = 8  zs = 1  f = 4
  zc = 1  zm = 9  zs = 2  f = 4
  zc = 1  zm = 8  zs = 2  f = 4
  zc = 9  zm = 9  zs = 3  f = 4
  zc = 9  zm = 8  zs = 3  f = 4
  zc = 9  zm = 9  zs = 0  f = 5
  zc = 9  zm = 8  zs = 0  f = 5
  zc = 9  zm = 9  zs = 1  f = 5
  zc = 9  zm = 8  zs = 1  f = 5
  zc = 1  zm = 9  zs = 2  f = 5
  zc = 1  zm = 8  zs = 2  f = 5
  zc = 9  zm = 9  zs = 3  f = 5
  zc = 9  zm = 8  zs = 3  f = 5

Selecting parameters:
  zc = 9  zm = 9  zs = 1  f = 4		IDAT size = 1581236

Output IDAT size = 1581236 bytes (632562 bytes decrease)
Output file size = 1581343 bytes (632958 bytes = 28.59% decrease)

** Warning: The option -log is deprecated; use shell redirection

** Processing: brain.png
845x845 pixels, 4x8 bits/pixel, RGB+alpha, interlaced
Reducing image to 3x8 bits/pixel, RGB
Input IDAT size = 1923071 bytes
Input file size = 1923526 bytes

Trying:
  zc = 9  zm = 9  zs = 0  f = 0		IDAT size = 1766293
  zc = 9  zm = 8  zs = 0  f = 0		IDAT size = 1765703
  zc = 9  zm = 9  zs = 1  f = 0
  zc = 9  zm = 8  zs = 1  f = 0
  zc = 1  zm = 9  zs = 2  f = 0
  zc = 1  zm = 8  zs = 2  f = 0
  zc = 9  zm = 9  zs = 3  f = 0
  zc = 9  zm = 8  zs = 3  f = 0
  zc = 9  zm = 9  zs = 0  f = 1		IDAT size = 1408748
  zc = 9  zm = 8  zs = 0  f = 1
  zc = 9  zm = 9  zs = 1  f = 1
  zc = 9  zm = 8  zs = 1  f = 1
  zc = 1  zm = 9  zs = 2  f = 1
  zc = 1  zm = 8  zs = 2  f = 1
  zc = 9  zm = 9  zs = 3  f = 1
  zc = 9  zm = 8  zs = 3  f = 1
  zc = 9  zm = 9  zs = 0  f = 2		IDAT size = 1363035
  zc = 9  zm = 8  zs = 0  f = 2
  zc = 9  zm = 9  zs = 1  f = 2
  zc = 9  zm = 8  zs = 1  f = 2
  zc = 1  zm = 9  zs = 2  f = 2
  zc = 1  zm = 8  zs = 2  f = 2
  zc = 9  zm = 9  zs = 3  f = 2
  zc = 9  zm = 8  zs = 3  f = 2
  zc = 9  zm = 9  zs = 0  f = 3
  zc = 9  zm = 8  zs = 0  f = 3
  zc = 9  zm = 9  zs = 1  f = 3
  zc = 9  zm = 8  zs = 1  f = 3
  zc = 1  zm = 9  zs = 2  f = 3
  zc = 1  zm = 8  zs = 2  f = 3
  zc = 9  zm = 9  zs = 3  f = 3
  zc = 9  zm = 8  zs = 3  f = 3
  zc = 9  zm = 9  zs = 0  f = 4		IDAT size = 1249844
  zc = 9  zm = 8  zs = 0  f = 4
  zc = 9  zm = 9  zs = 1  f = 4		IDAT size = 1220749
  zc = 9  zm = 8  zs = 1  f = 4
  zc = 1  zm = 9  zs = 2  f = 4
  zc = 1  zm = 8  zs = 2  f = 4
  zc = 9  zm = 9  zs = 3  f = 4
  zc = 9  zm = 8  zs = 3  f = 4
  zc = 9  zm = 9  zs = 0  f = 5
  zc = 9  zm = 8  zs = 0  f = 5
  zc = 9  zm = 9  zs = 1  f = 5
  zc = 9  zm = 8  zs = 1  f = 5
  zc = 1  zm = 9  zs = 2  f = 5
  zc = 1  zm = 8  zs = 2  f = 5
  zc = 9  zm = 9  zs = 3  f = 5
  zc = 9  zm = 8  zs = 3  f = 5

Selecting parameters:
  zc = 9  zm = 9  zs = 1  f = 4		IDAT size = 1220749

Output IDAT size = 1220749 bytes (702322 bytes decrease)
Output file size = 1220856 bytes (702670 bytes = 36.53% decrease)

** Warning: The option -log is deprecated; use shell redirection

** Processing: email.png
32x32 pixels, 4x8 bits/pixel, RGB+alpha
Reducing image to 8 bits/pixel, 61 colors (18 transparent) in palette
Input IDAT size = 907 bytes
Input file size = 3680 bytes

Trying:
  zc = 9  zm = 9  zs = 0  f = 0		IDAT size = 308
  zc = 9  zm = 8  zs = 0  f = 0		IDAT size = 308
  zc = 9  zm = 9  zs = 1  f = 0		IDAT size = 308
  zc = 9  zm = 8  zs = 1  f = 0		IDAT size = 308
  zc = 1  zm = 9  zs = 2  f = 0
  zc = 1  zm = 8  zs = 2  f = 0
  zc = 9  zm = 9  zs = 3  f = 0
  zc = 9  zm = 8  zs = 3  f = 0
  zc = 9  zm = 9  zs = 0  f = 1
  zc = 9  zm = 8  zs = 0  f = 1
  zc = 9  zm = 9  zs = 1  f = 1
  zc = 9  zm = 8  zs = 1  f = 1
  zc = 1  zm = 9  zs = 2  f = 1
  zc = 1  zm = 8  zs = 2  f = 1
  zc = 9  zm = 9  zs = 3  f = 1
  zc = 9  zm = 8  zs = 3  f = 1
  zc = 9  zm = 9  zs = 0  f = 2
  zc = 9  zm = 8  zs = 0  f = 2
  zc = 9  zm = 9  zs = 1  f = 2
  zc = 9  zm = 8  zs = 1  f = 2
  zc = 1  zm = 9  zs = 2  f = 2
  zc = 1  zm = 8  zs = 2  f = 2
  zc = 9  zm = 9  zs = 3  f = 2
  zc = 9  zm = 8  zs = 3  f = 2
  zc = 9  zm = 9  zs = 0  f = 3
  zc = 9  zm = 8  zs = 0  f = 3
  zc = 9  zm = 9  zs = 1  f = 3
  zc = 9  zm = 8  zs = 1  f = 3
  zc = 1  zm = 9  zs = 2  f = 3
  zc = 1  zm = 8  zs = 2  f = 3
  zc = 9  zm = 9  zs = 3  f = 3
  zc = 9  zm = 8  zs = 3  f = 3
  zc = 9  zm = 9  zs = 0  f = 4
  zc = 9  zm = 8  zs = 0  f = 4
  zc = 9  zm = 9  zs = 1  f = 4
  zc = 9  zm = 8  zs = 1  f = 4
  zc = 1  zm = 9  zs = 2  f = 4
  zc = 1  zm = 8  zs = 2  f = 4
  zc = 9  zm = 9  zs = 3  f = 4
  zc = 9  zm = 8  zs = 3  f = 4
  zc = 9  zm = 9  zs = 0  f = 5
  zc = 9  zm = 8  zs = 0  f = 5
  zc = 9  zm = 9  zs = 1  f = 5
  zc = 9  zm = 8  zs = 1  f = 5
  zc = 1  zm = 9  zs = 2  f = 5
  zc = 1  zm = 8  zs = 2  f = 5
  zc = 9  zm = 9  zs = 3  f = 5
  zc = 9  zm = 8  zs = 3  f = 5

Selecting parameters:
  zc = 9  zm = 8  zs = 1  f = 0		IDAT size = 308

Output IDAT size = 308 bytes (599 bytes decrease)
Output file size = 3306 bytes (374 bytes = 10.16% decrease)

** Warning: The option -log is deprecated; use shell redirection

** Processing: facebook.png
32x32 pixels, 4x8 bits/pixel, RGB+alpha
Reducing image to 8 bits/pixel, 45 colors (17 transparent) in palette
Input IDAT size = 624 bytes
Input file size = 3397 bytes

Trying:
  zc = 9  zm = 9  zs = 0  f = 0		IDAT size = 243
  zc = 9  zm = 8  zs = 0  f = 0		IDAT size = 243
  zc = 9  zm = 9  zs = 1  f = 0
  zc = 9  zm = 8  zs = 1  f = 0
  zc = 1  zm = 9  zs = 2  f = 0
  zc = 1  zm = 8  zs = 2  f = 0
  zc = 9  zm = 9  zs = 3  f = 0
  zc = 9  zm = 8  zs = 3  f = 0
  zc = 9  zm = 9  zs = 0  f = 1
  zc = 9  zm = 8  zs = 0  f = 1
  zc = 9  zm = 9  zs = 1  f = 1
  zc = 9  zm = 8  zs = 1  f = 1
  zc = 1  zm = 9  zs = 2  f = 1
  zc = 1  zm = 8  zs = 2  f = 1
  zc = 9  zm = 9  zs = 3  f = 1
  zc = 9  zm = 8  zs = 3  f = 1
  zc = 9  zm = 9  zs = 0  f = 2
  zc = 9  zm = 8  zs = 0  f = 2
  zc = 9  zm = 9  zs = 1  f = 2
  zc = 9  zm = 8  zs = 1  f = 2
  zc = 1  zm = 9  zs = 2  f = 2
  zc = 1  zm = 8  zs = 2  f = 2
  zc = 9  zm = 9  zs = 3  f = 2
  zc = 9  zm = 8  zs = 3  f = 2
  zc = 9  zm = 9  zs = 0  f = 3
  zc = 9  zm = 8  zs = 0  f = 3
  zc = 9  zm = 9  zs = 1  f = 3
  zc = 9  zm = 8  zs = 1  f = 3
  zc = 1  zm = 9  zs = 2  f = 3
  zc = 1  zm = 8  zs = 2  f = 3
  zc = 9  zm = 9  zs = 3  f = 3
  zc = 9  zm = 8  zs = 3  f = 3
  zc = 9  zm = 9  zs = 0  f = 4
  zc = 9  zm = 8  zs = 0  f = 4
  zc = 9  zm = 9  zs = 1  f = 4
  zc = 9  zm = 8  zs = 1  f = 4
  zc = 1  zm = 9  zs = 2  f = 4
  zc = 1  zm = 8  zs = 2  f = 4
  zc = 9  zm = 9  zs = 3  f = 4
  zc = 9  zm = 8  zs = 3  f = 4
  zc = 9  zm = 9  zs = 0  f = 5
  zc = 9  zm = 8  zs = 0  f = 5
  zc = 9  zm = 9  zs = 1  f = 5
  zc = 9  zm = 8  zs = 1  f = 5
  zc = 1  zm = 9  zs = 2  f = 5
  zc = 1  zm = 8  zs = 2  f = 5
  zc = 9  zm = 9  zs = 3  f = 5
  zc = 9  zm = 8  zs = 3  f = 5

Selecting parameters:
  zc = 9  zm = 8  zs = 0  f = 0		IDAT size = 243

Output IDAT size = 243 bytes (381 bytes decrease)
Output file size = 3192 bytes (205 bytes = 6.03% decrease)

** Warning: The option -log is deprecated; use shell redirection

** Processing: featured_hugo.png
922x935 pixels, 4x8 bits/pixel, RGB+alpha, interlaced
Input IDAT size = 751816 bytes
Input file size = 752055 bytes

Trying:
  zc = 9  zm = 9  zs = 0  f = 0		IDAT size = 719634
  zc = 9  zm = 8  zs = 0  f = 0		IDAT size = 718137
  zc = 9  zm = 9  zs = 1  f = 0
  zc = 9  zm = 8  zs = 1  f = 0
  zc = 1  zm = 9  zs = 2  f = 0
  zc = 1  zm = 8  zs = 2  f = 0
  zc = 9  zm = 9  zs = 3  f = 0
  zc = 9  zm = 8  zs = 3  f = 0
  zc = 9  zm = 9  zs = 0  f = 1		IDAT size = 531772
  zc = 9  zm = 8  zs = 0  f = 1		IDAT size = 530647
  zc = 9  zm = 9  zs = 1  f = 1		IDAT size = 515443
  zc = 9  zm = 8  zs = 1  f = 1
  zc = 1  zm = 9  zs = 2  f = 1
  zc = 1  zm = 8  zs = 2  f = 1
  zc = 9  zm = 9  zs = 3  f = 1
  zc = 9  zm = 8  zs = 3  f = 1
  zc = 9  zm = 9  zs = 0  f = 2
  zc = 9  zm = 8  zs = 0  f = 2
  zc = 9  zm = 9  zs = 1  f = 2
  zc = 9  zm = 8  zs = 1  f = 2
  zc = 1  zm = 9  zs = 2  f = 2
  zc = 1  zm = 8  zs = 2  f = 2
  zc = 9  zm = 9  zs = 3  f = 2
  zc = 9  zm = 8  zs = 3  f = 2
  zc = 9  zm = 9  zs = 0  f = 3
  zc = 9  zm = 8  zs = 0  f = 3
  zc = 9  zm = 9  zs = 1  f = 3
  zc = 9  zm = 8  zs = 1  f = 3
  zc = 1  zm = 9  zs = 2  f = 3
  zc = 1  zm = 8  zs = 2  f = 3
  zc = 9  zm = 9  zs = 3  f = 3
  zc = 9  zm = 8  zs = 3  f = 3
  zc = 9  zm = 9  zs = 0  f = 4
  zc = 9  zm = 8  zs = 0  f = 4
  zc = 9  zm = 9  zs = 1  f = 4
  zc = 9  zm = 8  zs = 1  f = 4
  zc = 1  zm = 9  zs = 2  f = 4
  zc = 1  zm = 8  zs = 2  f = 4
  zc = 9  zm = 9  zs = 3  f = 4
  zc = 9  zm = 8  zs = 3  f = 4
  zc = 9  zm = 9  zs = 0  f = 5
  zc = 9  zm = 8  zs = 0  f = 5
  zc = 9  zm = 9  zs = 1  f = 5
  zc = 9  zm = 8  zs = 1  f = 5
  zc = 1  zm = 9  zs = 2  f = 5
  zc = 1  zm = 8  zs = 2  f = 5
  zc = 9  zm = 9  zs = 3  f = 5
  zc = 9  zm = 8  zs = 3  f = 5

Selecting parameters:
  zc = 9  zm = 9  zs = 1  f = 1		IDAT size = 515443

Output IDAT size = 515443 bytes (236373 bytes decrease)
Output file size = 515550 bytes (236505 bytes = 31.45% decrease)

** Warning: The option -log is deprecated; use shell redirection

** Processing: hugo.png
1019x1153 pixels, 8 bits/pixel, 122 colors (45 transparent) in palette
Input IDAT size = 17718 bytes
Input file size = 18210 bytes

Trying:
  zc = 9  zm = 9  zs = 0  f = 0
  zc = 9  zm = 8  zs = 0  f = 0
  zc = 9  zm = 9  zs = 1  f = 0
  zc = 9  zm = 8  zs = 1  f = 0
  zc = 1  zm = 9  zs = 2  f = 0
  zc = 1  zm = 8  zs = 2  f = 0
  zc = 9  zm = 9  zs = 3  f = 0
  zc = 9  zm = 8  zs = 3  f = 0
  zc = 9  zm = 9  zs = 0  f = 1
  zc = 9  zm = 8  zs = 0  f = 1
  zc = 9  zm = 9  zs = 1  f = 1
  zc = 9  zm = 8  zs = 1  f = 1
  zc = 1  zm = 9  zs = 2  f = 1
  zc = 1  zm = 8  zs = 2  f = 1
  zc = 9  zm = 9  zs = 3  f = 1
  zc = 9  zm = 8  zs = 3  f = 1
  zc = 9  zm = 9  zs = 0  f = 2
  zc = 9  zm = 8  zs = 0  f = 2
  zc = 9  zm = 9  zs = 1  f = 2
  zc = 9  zm = 8  zs = 1  f = 2
  zc = 1  zm = 9  zs = 2  f = 2
  zc = 1  zm = 8  zs = 2  f = 2
  zc = 9  zm = 9  zs = 3  f = 2
  zc = 9  zm = 8  zs = 3  f = 2
  zc = 9  zm = 9  zs = 0  f = 3
  zc = 9  zm = 8  zs = 0  f = 3
  zc = 9  zm = 9  zs = 1  f = 3
  zc = 9  zm = 8  zs = 1  f = 3
  zc = 1  zm = 9  zs = 2  f = 3
  zc = 1  zm = 8  zs = 2  f = 3
  zc = 9  zm = 9  zs = 3  f = 3
  zc = 9  zm = 8  zs = 3  f = 3
  zc = 9  zm = 9  zs = 0  f = 4
  zc = 9  zm = 8  zs = 0  f = 4
  zc = 9  zm = 9  zs = 1  f = 4
  zc = 9  zm = 8  zs = 1  f = 4
  zc = 1  zm = 9  zs = 2  f = 4
  zc = 1  zm = 8  zs = 2  f = 4
  zc = 9  zm = 9  zs = 3  f = 4
  zc = 9  zm = 8  zs = 3  f = 4
  zc = 9  zm = 9  zs = 0  f = 5
  zc = 9  zm = 8  zs = 0  f = 5
  zc = 9  zm = 9  zs = 1  f = 5
  zc = 9  zm = 8  zs = 1  f = 5
  zc = 1  zm = 9  zs = 2  f = 5
  zc = 1  zm = 8  zs = 2  f = 5
  zc = 9  zm = 9  zs = 3  f = 5
  zc = 9  zm = 8  zs = 3  f = 5

hugo.png is already optimized.

** Warning: The option -log is deprecated; use shell redirection

** Processing: linkedin.png
32x32 pixels, 4x8 bits/pixel, RGB+alpha
Reducing image to 8 bits/pixel, 56 colors (17 transparent) in palette
Input IDAT size = 692 bytes
Input file size = 3465 bytes

Trying:
  zc = 9  zm = 9  zs = 0  f = 0		IDAT size = 260
  zc = 9  zm = 8  zs = 0  f = 0		IDAT size = 260
  zc = 9  zm = 9  zs = 1  f = 0		IDAT size = 260
  zc = 9  zm = 8  zs = 1  f = 0		IDAT size = 260
  zc = 1  zm = 9  zs = 2  f = 0
  zc = 1  zm = 8  zs = 2  f = 0
  zc = 9  zm = 9  zs = 3  f = 0
  zc = 9  zm = 8  zs = 3  f = 0
  zc = 9  zm = 9  zs = 0  f = 1
  zc = 9  zm = 8  zs = 0  f = 1
  zc = 9  zm = 9  zs = 1  f = 1
  zc = 9  zm = 8  zs = 1  f = 1
  zc = 1  zm = 9  zs = 2  f = 1
  zc = 1  zm = 8  zs = 2  f = 1
  zc = 9  zm = 9  zs = 3  f = 1
  zc = 9  zm = 8  zs = 3  f = 1
  zc = 9  zm = 9  zs = 0  f = 2
  zc = 9  zm = 8  zs = 0  f = 2
  zc = 9  zm = 9  zs = 1  f = 2
  zc = 9  zm = 8  zs = 1  f = 2
  zc = 1  zm = 9  zs = 2  f = 2
  zc = 1  zm = 8  zs = 2  f = 2
  zc = 9  zm = 9  zs = 3  f = 2
  zc = 9  zm = 8  zs = 3  f = 2
  zc = 9  zm = 9  zs = 0  f = 3
  zc = 9  zm = 8  zs = 0  f = 3
  zc = 9  zm = 9  zs = 1  f = 3
  zc = 9  zm = 8  zs = 1  f = 3
  zc = 1  zm = 9  zs = 2  f = 3
  zc = 1  zm = 8  zs = 2  f = 3
  zc = 9  zm = 9  zs = 3  f = 3
  zc = 9  zm = 8  zs = 3  f = 3
  zc = 9  zm = 9  zs = 0  f = 4
  zc = 9  zm = 8  zs = 0  f = 4
  zc = 9  zm = 9  zs = 1  f = 4
  zc = 9  zm = 8  zs = 1  f = 4
  zc = 1  zm = 9  zs = 2  f = 4
  zc = 1  zm = 8  zs = 2  f = 4
  zc = 9  zm = 9  zs = 3  f = 4
  zc = 9  zm = 8  zs = 3  f = 4
  zc = 9  zm = 9  zs = 0  f = 5
  zc = 9  zm = 8  zs = 0  f = 5
  zc = 9  zm = 9  zs = 1  f = 5
  zc = 9  zm = 8  zs = 1  f = 5
  zc = 1  zm = 9  zs = 2  f = 5
  zc = 1  zm = 8  zs = 2  f = 5
  zc = 9  zm = 9  zs = 3  f = 5
  zc = 9  zm = 8  zs = 3  f = 5

Selecting parameters:
  zc = 9  zm = 8  zs = 1  f = 0		IDAT size = 260

Output IDAT size = 260 bytes (432 bytes decrease)
Output file size = 3242 bytes (223 bytes = 6.44% decrease)

** Warning: The option -log is deprecated; use shell redirection

** Processing: mln_round.png
845x845 pixels, 4x8 bits/pixel, RGB+alpha, interlaced
Input IDAT size = 1362224 bytes
Input file size = 1362571 bytes

Trying:
  zc = 9  zm = 9  zs = 0  f = 0		IDAT size = 1347726
  zc = 9  zm = 8  zs = 0  f = 0
  zc = 9  zm = 9  zs = 1  f = 0
  zc = 9  zm = 8  zs = 1  f = 0
  zc = 1  zm = 9  zs = 2  f = 0
  zc = 1  zm = 8  zs = 2  f = 0
  zc = 9  zm = 9  zs = 3  f = 0
  zc = 9  zm = 8  zs = 3  f = 0
  zc = 9  zm = 9  zs = 0  f = 1		IDAT size = 1161524
  zc = 9  zm = 8  zs = 0  f = 1
  zc = 9  zm = 9  zs = 1  f = 1		IDAT size = 1150372
  zc = 9  zm = 8  zs = 1  f = 1
  zc = 1  zm = 9  zs = 2  f = 1
  zc = 1  zm = 8  zs = 2  f = 1
  zc = 9  zm = 9  zs = 3  f = 1
  zc = 9  zm = 8  zs = 3  f = 1
  zc = 9  zm = 9  zs = 0  f = 2		IDAT size = 1127544
  zc = 9  zm = 8  zs = 0  f = 2
  zc = 9  zm = 9  zs = 1  f = 2		IDAT size = 1108935
  zc = 9  zm = 8  zs = 1  f = 2
  zc = 1  zm = 9  zs = 2  f = 2
  zc = 1  zm = 8  zs = 2  f = 2
  zc = 9  zm = 9  zs = 3  f = 2
  zc = 9  zm = 8  zs = 3  f = 2
  zc = 9  zm = 9  zs = 0  f = 3
  zc = 9  zm = 8  zs = 0  f = 3
  zc = 9  zm = 9  zs = 1  f = 3
  zc = 9  zm = 8  zs = 1  f = 3
  zc = 1  zm = 9  zs = 2  f = 3
  zc = 1  zm = 8  zs = 2  f = 3
  zc = 9  zm = 9  zs = 3  f = 3
  zc = 9  zm = 8  zs = 3  f = 3
  zc = 9  zm = 9  zs = 0  f = 4		IDAT size = 1045018
  zc = 9  zm = 8  zs = 0  f = 4
  zc = 9  zm = 9  zs = 1  f = 4		IDAT size = 1009428
  zc = 9  zm = 8  zs = 1  f = 4
  zc = 1  zm = 9  zs = 2  f = 4
  zc = 1  zm = 8  zs = 2  f = 4
  zc = 9  zm = 9  zs = 3  f = 4
  zc = 9  zm = 8  zs = 3  f = 4
  zc = 9  zm = 9  zs = 0  f = 5
  zc = 9  zm = 8  zs = 0  f = 5
  zc = 9  zm = 9  zs = 1  f = 5		IDAT size = 1008365
  zc = 9  zm = 8  zs = 1  f = 5
  zc = 1  zm = 9  zs = 2  f = 5
  zc = 1  zm = 8  zs = 2  f = 5
  zc = 9  zm = 9  zs = 3  f = 5
  zc = 9  zm = 8  zs = 3  f = 5

Selecting parameters:
  zc = 9  zm = 9  zs = 1  f = 5		IDAT size = 1008365

Output IDAT size = 1008365 bytes (353859 bytes decrease)
Output file size = 1008472 bytes (354099 bytes = 25.99% decrease)

** Warning: The option -log is deprecated; use shell redirection

** Processing: mln_square.png
845x845 pixels, 4x8 bits/pixel, RGB+alpha, interlaced
Reducing image to 3x8 bits/pixel, RGB
Input IDAT size = 1694636 bytes
Input file size = 1695043 bytes

Trying:
  zc = 9  zm = 9  zs = 0  f = 0		IDAT size = 1546592
  zc = 9  zm = 8  zs = 0  f = 0		IDAT size = 1545470
  zc = 9  zm = 9  zs = 1  f = 0
  zc = 9  zm = 8  zs = 1  f = 0
  zc = 1  zm = 9  zs = 2  f = 0
  zc = 1  zm = 8  zs = 2  f = 0
  zc = 9  zm = 9  zs = 3  f = 0
  zc = 9  zm = 8  zs = 3  f = 0
  zc = 9  zm = 9  zs = 0  f = 1		IDAT size = 1233111
  zc = 9  zm = 8  zs = 0  f = 1
  zc = 9  zm = 9  zs = 1  f = 1		IDAT size = 1232564
  zc = 9  zm = 8  zs = 1  f = 1
  zc = 1  zm = 9  zs = 2  f = 1
  zc = 1  zm = 8  zs = 2  f = 1
  zc = 9  zm = 9  zs = 3  f = 1
  zc = 9  zm = 8  zs = 3  f = 1
  zc = 9  zm = 9  zs = 0  f = 2		IDAT size = 1206012
  zc = 9  zm = 8  zs = 0  f = 2		IDAT size = 1205702
  zc = 9  zm = 9  zs = 1  f = 2
  zc = 9  zm = 8  zs = 1  f = 2
  zc = 1  zm = 9  zs = 2  f = 2
  zc = 1  zm = 8  zs = 2  f = 2
  zc = 9  zm = 9  zs = 3  f = 2
  zc = 9  zm = 8  zs = 3  f = 2
  zc = 9  zm = 9  zs = 0  f = 3
  zc = 9  zm = 8  zs = 0  f = 3
  zc = 9  zm = 9  zs = 1  f = 3
  zc = 9  zm = 8  zs = 1  f = 3
  zc = 1  zm = 9  zs = 2  f = 3
  zc = 1  zm = 8  zs = 2  f = 3
  zc = 9  zm = 9  zs = 3  f = 3
  zc = 9  zm = 8  zs = 3  f = 3
  zc = 9  zm = 9  zs = 0  f = 4		IDAT size = 1099851
  zc = 9  zm = 8  zs = 0  f = 4		IDAT size = 1099843
  zc = 9  zm = 9  zs = 1  f = 4		IDAT size = 1073098
  zc = 9  zm = 8  zs = 1  f = 4
  zc = 1  zm = 9  zs = 2  f = 4
  zc = 1  zm = 8  zs = 2  f = 4
  zc = 9  zm = 9  zs = 3  f = 4
  zc = 9  zm = 8  zs = 3  f = 4
  zc = 9  zm = 9  zs = 0  f = 5
  zc = 9  zm = 8  zs = 0  f = 5
  zc = 9  zm = 9  zs = 1  f = 5		IDAT size = 1072727
  zc = 9  zm = 8  zs = 1  f = 5
  zc = 1  zm = 9  zs = 2  f = 5
  zc = 1  zm = 8  zs = 2  f = 5
  zc = 9  zm = 9  zs = 3  f = 5
  zc = 9  zm = 8  zs = 3  f = 5

Selecting parameters:
  zc = 9  zm = 9  zs = 1  f = 5		IDAT size = 1072727

Output IDAT size = 1072727 bytes (621909 bytes decrease)
Output file size = 1072834 bytes (622209 bytes = 36.71% decrease)

** Warning: The option -log is deprecated; use shell redirection

** Processing: reddit.png
32x32 pixels, 4x8 bits/pixel, RGB+alpha
Reducing image to 8 bits/pixel, 152 colors (17 transparent) in palette
Input IDAT size = 1504 bytes
Input file size = 4277 bytes

Trying:
  zc = 9  zm = 9  zs = 0  f = 0		IDAT size = 505
  zc = 9  zm = 8  zs = 0  f = 0		IDAT size = 505
  zc = 9  zm = 9  zs = 1  f = 0		IDAT size = 496
  zc = 9  zm = 8  zs = 1  f = 0		IDAT size = 496
  zc = 1  zm = 9  zs = 2  f = 0
  zc = 1  zm = 8  zs = 2  f = 0
  zc = 9  zm = 9  zs = 3  f = 0
  zc = 9  zm = 8  zs = 3  f = 0
  zc = 9  zm = 9  zs = 0  f = 1
  zc = 9  zm = 8  zs = 0  f = 1
  zc = 9  zm = 9  zs = 1  f = 1
  zc = 9  zm = 8  zs = 1  f = 1
  zc = 1  zm = 9  zs = 2  f = 1
  zc = 1  zm = 8  zs = 2  f = 1
  zc = 9  zm = 9  zs = 3  f = 1
  zc = 9  zm = 8  zs = 3  f = 1
  zc = 9  zm = 9  zs = 0  f = 2
  zc = 9  zm = 8  zs = 0  f = 2
  zc = 9  zm = 9  zs = 1  f = 2
  zc = 9  zm = 8  zs = 1  f = 2
  zc = 1  zm = 9  zs = 2  f = 2
  zc = 1  zm = 8  zs = 2  f = 2
  zc = 9  zm = 9  zs = 3  f = 2
  zc = 9  zm = 8  zs = 3  f = 2
  zc = 9  zm = 9  zs = 0  f = 3
  zc = 9  zm = 8  zs = 0  f = 3
  zc = 9  zm = 9  zs = 1  f = 3
  zc = 9  zm = 8  zs = 1  f = 3
  zc = 1  zm = 9  zs = 2  f = 3
  zc = 1  zm = 8  zs = 2  f = 3
  zc = 9  zm = 9  zs = 3  f = 3
  zc = 9  zm = 8  zs = 3  f = 3
  zc = 9  zm = 9  zs = 0  f = 4
  zc = 9  zm = 8  zs = 0  f = 4
  zc = 9  zm = 9  zs = 1  f = 4
  zc = 9  zm = 8  zs = 1  f = 4
  zc = 1  zm = 9  zs = 2  f = 4
  zc = 1  zm = 8  zs = 2  f = 4
  zc = 9  zm = 9  zs = 3  f = 4
  zc = 9  zm = 8  zs = 3  f = 4
  zc = 9  zm = 9  zs = 0  f = 5
  zc = 9  zm = 8  zs = 0  f = 5
  zc = 9  zm = 9  zs = 1  f = 5
  zc = 9  zm = 8  zs = 1  f = 5
  zc = 1  zm = 9  zs = 2  f = 5
  zc = 1  zm = 8  zs = 2  f = 5
  zc = 9  zm = 9  zs = 3  f = 5
  zc = 9  zm = 8  zs = 3  f = 5

Selecting parameters:
  zc = 9  zm = 8  zs = 1  f = 0		IDAT size = 496

Output IDAT size = 496 bytes (1008 bytes decrease)
Output file size = 3766 bytes (511 bytes = 11.95% decrease)

** Warning: The option -log is deprecated; use shell redirection

** Processing: segs.png
921x934 pixels, 4x8 bits/pixel, RGB+alpha, interlaced
Input IDAT size = 868061 bytes
Input file size = 868324 bytes

Trying:
  zc = 9  zm = 9  zs = 0  f = 0		IDAT size = 829703
  zc = 9  zm = 8  zs = 0  f = 0		IDAT size = 827850
  zc = 9  zm = 9  zs = 1  f = 0
  zc = 9  zm = 8  zs = 1  f = 0
  zc = 1  zm = 9  zs = 2  f = 0
  zc = 1  zm = 8  zs = 2  f = 0
  zc = 9  zm = 9  zs = 3  f = 0
  zc = 9  zm = 8  zs = 3  f = 0
  zc = 9  zm = 9  zs = 0  f = 1		IDAT size = 568999
  zc = 9  zm = 8  zs = 0  f = 1		IDAT size = 568354
  zc = 9  zm = 9  zs = 1  f = 1		IDAT size = 555225
  zc = 9  zm = 8  zs = 1  f = 1		IDAT size = 554418
  zc = 1  zm = 9  zs = 2  f = 1
  zc = 1  zm = 8  zs = 2  f = 1
  zc = 9  zm = 9  zs = 3  f = 1
  zc = 9  zm = 8  zs = 3  f = 1
  zc = 9  zm = 9  zs = 0  f = 2
  zc = 9  zm = 8  zs = 0  f = 2
  zc = 9  zm = 9  zs = 1  f = 2
  zc = 9  zm = 8  zs = 1  f = 2
  zc = 1  zm = 9  zs = 2  f = 2
  zc = 1  zm = 8  zs = 2  f = 2
  zc = 9  zm = 9  zs = 3  f = 2
  zc = 9  zm = 8  zs = 3  f = 2
  zc = 9  zm = 9  zs = 0  f = 3
  zc = 9  zm = 8  zs = 0  f = 3
  zc = 9  zm = 9  zs = 1  f = 3
  zc = 9  zm = 8  zs = 1  f = 3
  zc = 1  zm = 9  zs = 2  f = 3
  zc = 1  zm = 8  zs = 2  f = 3
  zc = 9  zm = 9  zs = 3  f = 3
  zc = 9  zm = 8  zs = 3  f = 3
  zc = 9  zm = 9  zs = 0  f = 4
  zc = 9  zm = 8  zs = 0  f = 4
  zc = 9  zm = 9  zs = 1  f = 4
  zc = 9  zm = 8  zs = 1  f = 4
  zc = 1  zm = 9  zs = 2  f = 4
  zc = 1  zm = 8  zs = 2  f = 4
  zc = 9  zm = 9  zs = 3  f = 4
  zc = 9  zm = 8  zs = 3  f = 4
  zc = 9  zm = 9  zs = 0  f = 5
  zc = 9  zm = 8  zs = 0  f = 5
  zc = 9  zm = 9  zs = 1  f = 5
  zc = 9  zm = 8  zs = 1  f = 5
  zc = 1  zm = 9  zs = 2  f = 5
  zc = 1  zm = 8  zs = 2  f = 5
  zc = 9  zm = 9  zs = 3  f = 5
  zc = 9  zm = 8  zs = 3  f = 5

Selecting parameters:
  zc = 9  zm = 8  zs = 1  f = 1		IDAT size = 554418

Output IDAT size = 554418 bytes (313643 bytes decrease)
Output file size = 554525 bytes (313799 bytes = 36.14% decrease)

** Warning: The option -log is deprecated; use shell redirection

** Processing: twitter.png
32x32 pixels, 4x8 bits/pixel, RGB+alpha
Reducing image to 8 bits/pixel, 89 colors (17 transparent) in palette
Input IDAT size = 941 bytes
Input file size = 3714 bytes

Trying:
  zc = 9  zm = 9  zs = 0  f = 0		IDAT size = 339
  zc = 9  zm = 8  zs = 0  f = 0		IDAT size = 339
  zc = 9  zm = 9  zs = 1  f = 0
  zc = 9  zm = 8  zs = 1  f = 0
  zc = 1  zm = 9  zs = 2  f = 0
  zc = 1  zm = 8  zs = 2  f = 0
  zc = 9  zm = 9  zs = 3  f = 0
  zc = 9  zm = 8  zs = 3  f = 0
  zc = 9  zm = 9  zs = 0  f = 1
  zc = 9  zm = 8  zs = 0  f = 1
  zc = 9  zm = 9  zs = 1  f = 1
  zc = 9  zm = 8  zs = 1  f = 1
  zc = 1  zm = 9  zs = 2  f = 1
  zc = 1  zm = 8  zs = 2  f = 1
  zc = 9  zm = 9  zs = 3  f = 1
  zc = 9  zm = 8  zs = 3  f = 1
  zc = 9  zm = 9  zs = 0  f = 2
  zc = 9  zm = 8  zs = 0  f = 2
  zc = 9  zm = 9  zs = 1  f = 2
  zc = 9  zm = 8  zs = 1  f = 2
  zc = 1  zm = 9  zs = 2  f = 2
  zc = 1  zm = 8  zs = 2  f = 2
  zc = 9  zm = 9  zs = 3  f = 2
  zc = 9  zm = 8  zs = 3  f = 2
  zc = 9  zm = 9  zs = 0  f = 3
  zc = 9  zm = 8  zs = 0  f = 3
  zc = 9  zm = 9  zs = 1  f = 3
  zc = 9  zm = 8  zs = 1  f = 3
  zc = 1  zm = 9  zs = 2  f = 3
  zc = 1  zm = 8  zs = 2  f = 3
  zc = 9  zm = 9  zs = 3  f = 3
  zc = 9  zm = 8  zs = 3  f = 3
  zc = 9  zm = 9  zs = 0  f = 4
  zc = 9  zm = 8  zs = 0  f = 4
  zc = 9  zm = 9  zs = 1  f = 4
  zc = 9  zm = 8  zs = 1  f = 4
  zc = 1  zm = 9  zs = 2  f = 4
  zc = 1  zm = 8  zs = 2  f = 4
  zc = 9  zm = 9  zs = 3  f = 4
  zc = 9  zm = 8  zs = 3  f = 4
  zc = 9  zm = 9  zs = 0  f = 5
  zc = 9  zm = 8  zs = 0  f = 5
  zc = 9  zm = 9  zs = 1  f = 5
  zc = 9  zm = 8  zs = 1  f = 5
  zc = 1  zm = 9  zs = 2  f = 5
  zc = 1  zm = 8  zs = 2  f = 5
  zc = 9  zm = 9  zs = 3  f = 5
  zc = 9  zm = 8  zs = 3  f = 5

Selecting parameters:
  zc = 9  zm = 8  zs = 0  f = 0		IDAT size = 339

Output IDAT size = 339 bytes (602 bytes decrease)
Output file size = 3420 bytes (294 bytes = 7.92% decrease)

